Build started 06/01/2016 17:45:27.
     1>Project "C:\Users\Student\Downloads\IntroductionToOperatingSystems_ex4-master\IntroductionToOperatingSystems_ex4-master\client\client\client.vcxproj" on node 2 (build target(s)).
     1>InitializeBuildStatus:
         Touching "Debug\client.unsuccessfulbuild".
       ClCompile:
         c:\Program Files (x86)\Microsoft Visual Studio 10.0\VC\bin\CL.exe /c /ZI /nologo /W3 /WX- /Od /Oy- /D _MBCS /Gm /EHsc /RTC1 /MDd /GS /fp:precise /Zc:wchar_t /Zc:forScope /Fo"Debug\\" /Fd"Debug\vc100.pdb" /Gd /TC /analyze- /errorReport:prompt client.c
         client.c
     1>c:\users\student\downloads\introductiontooperatingsystems_ex4-master\introductiontooperatingsystems_ex4-master\client\client\client.c(132): warning C4101: 'accessResult' : unreferenced local variable
       Link:
         c:\Program Files (x86)\Microsoft Visual Studio 10.0\VC\bin\link.exe /ERRORREPORT:PROMPT /OUT:"C:\Users\Student\Downloads\IntroductionToOperatingSystems_ex4-master\IntroductionToOperatingSystems_ex4-master\client\Debug\client.exe" /NOLOGO kernel32.lib user32.lib gdi32.lib winspool.lib comdlg32.lib advapi32.lib shell32.lib ole32.lib oleaut32.lib uuid.lib odbc32.lib odbccp32.lib /MANIFEST /ManifestFile:"Debug\client.exe.intermediate.manifest" /MANIFESTUAC:"level='asInvoker' uiAccess='false'" /DEBUG /PDB:"C:\Users\Student\Downloads\IntroductionToOperatingSystems_ex4-master\IntroductionToOperatingSystems_ex4-master\client\Debug\client.pdb" /TLBID:1 /DYNAMICBASE /NXCOMPAT /IMPLIB:"C:\Users\Student\Downloads\IntroductionToOperatingSystems_ex4-master\IntroductionToOperatingSystems_ex4-master\client\Debug\client.lib" /MACHINE:X86 Debug\client.obj
         Debug\main.obj
         Debug\SocketSendRecvTools.obj
         Debug\utils.obj
     1>LINK : fatal error LNK1104: cannot open file 'C:\Users\Student\Downloads\IntroductionToOperatingSystems_ex4-master\IntroductionToOperatingSystems_ex4-master\client\Debug\client.exe'
     1>Done Building Project "C:\Users\Student\Downloads\IntroductionToOperatingSystems_ex4-master\IntroductionToOperatingSystems_ex4-master\client\client\client.vcxproj" (build target(s)) -- FAILED.

Build FAILED.

Time Elapsed 00:00:01.11
